  [1m[35m (0.7ms)[0m  [1m[34mSELECT sqlite_version(*)[0m
  ↳ bin/rails:4
  [1m[35m (178.7ms)[0m  [1m[35mCREATE TABLE "schema_migrations" ("version" varchar NOT NULL PRIMARY KEY)[0m
  ↳ bin/rails:4
  [1m[35m (154.6ms)[0m  [1m[35mCREATE TABLE "ar_internal_metadata" ("key" varchar NOT NULL PRIMARY KEY, "value" varchar, "created_at" datetime NOT NULL, "updated_at" datetime NOT NULL)[0m
  ↳ bin/rails:4
  [1m[35m (0.7ms)[0m  [1m[34mSELECT "schema_migrations"."version" FROM "schema_migrations" ORDER BY "schema_migrations"."version" ASC[0m
  ↳ bin/rails:4
Migrating to CreateStudents (20190131163131)
  [1m[35m (0.2ms)[0m  [1m[36mbegin transaction[0m
  ↳ bin/rails:4
  [1m[35m (4.1ms)[0m  [1m[35mCREATE TABLE "students" ("id" integer PRIMARY KEY AUTOINCREMENT NOT NULL, "firstname" varchar, "secondname" varchar, "reg" integer, "created_at" datetime NOT NULL, "updated_at" datetime NOT NULL)[0m
  ↳ db/migrate/20190131163131_create_students.rb:3
  [1m[36mActiveRecord::SchemaMigration Create (0.4ms)[0m  [1m[32mINSERT INTO "schema_migrations" ("version") VALUES (?)[0m  [["version", "20190131163131"]]
  ↳ bin/rails:4
  [1m[35m (129.5ms)[0m  [1m[36mcommit transaction[0m
  ↳ bin/rails:4
  [1m[36mActiveRecord::InternalMetadata Load (0.9ms)[0m  [1m[34mSELECT  "ar_internal_metadata".* FROM "ar_internal_metadata" WHERE "ar_internal_metadata"."key" = ? LIMIT ?[0m  [["key", "environment"], ["LIMIT", 1]]
  ↳ bin/rails:4
  [1m[35m (0.2ms)[0m  [1m[36mbegin transaction[0m
  ↳ bin/rails:4
  [1m[36mActiveRecord::InternalMetadata Create (2.3ms)[0m  [1m[32mINSERT INTO "ar_internal_metadata" ("key", "value", "created_at", "updated_at") VALUES (?, ?, ?, ?)[0m  [["key", "environment"], ["value", "development"], ["created_at", "2019-01-31 16:35:05.451455"], ["updated_at", "2019-01-31 16:35:05.451455"]]
  ↳ bin/rails:4
  [1m[35m (107.7ms)[0m  [1m[36mcommit transaction[0m
  ↳ bin/rails:4
  [1m[35m (0.8ms)[0m  [1m[34mSELECT "schema_migrations"."version" FROM "schema_migrations" ORDER BY "schema_migrations"."version" ASC[0m
  ↳ bin/rails:4
Started GET "/students" for 127.0.0.1 at 2019-01-31 08:43:23 -0800
  [1m[35m (0.7ms)[0m  [1m[34mSELECT "schema_migrations"."version" FROM "schema_migrations" ORDER BY "schema_migrations"."version" ASC[0m
  ↳ C:/Ruby24-x64/lib/ruby/gems/2.4.0/gems/activerecord-5.2.2/lib/active_record/log_subscriber.rb:98
Processing by StudentsController#index as HTML
  Rendering students/index.html.erb within layouts/application
  [1m[36mStudent Load (0.7ms)[0m  [1m[34mSELECT "students".* FROM "students"[0m
  ↳ app/views/students/index.html.erb:16
  Rendered students/index.html.erb within layouts/application (30.1ms)
Completed 200 OK in 2937ms (Views: 2845.3ms | ActiveRecord: 5.5ms)


Started GET "/students/new" for 127.0.0.1 at 2019-01-31 08:43:43 -0800
Processing by StudentsController#new as HTML
  Rendering students/new.html.erb within layouts/application
  Rendered students/_form.html.erb (241.6ms)
  Rendered students/new.html.erb within layouts/application (287.3ms)
Completed 200 OK in 620ms (Views: 525.7ms | ActiveRecord: 10.5ms)


Started POST "/students" for 127.0.0.1 at 2019-01-31 08:44:59 -0800
Processing by StudentsController#create as HTML
  Parameters: {"utf8"=>"✓", "authenticity_token"=>"roJgfmfPxD3zOydMaekF0w3t21OciPCu2dhIi1qy8XHwiTpybnePLGKF8INOMz32QGu56W7zpZtfBRlApJBxaQ==", "student"=>{"firstname"=>"NAKIRUTIMANA", "secondname"=>"THEONEST", "reg"=>"217123222"}, "commit"=>"Create Student"}
  [1m[35m (0.2ms)[0m  [1m[36mbegin transaction[0m
  ↳ app/controllers/students_controller.rb:30
  [1m[36mStudent Create (4.1ms)[0m  [1m[32mINSERT INTO "students" ("firstname", "secondname", "reg", "created_at", "updated_at") VALUES (?, ?, ?, ?, ?)[0m  [["firstname", "NAKIRUTIMANA"], ["secondname", "THEONEST"], ["reg", 217123222], ["created_at", "2019-01-31 16:45:00.032645"], ["updated_at", "2019-01-31 16:45:00.032645"]]
  ↳ app/controllers/students_controller.rb:30
  [1m[35m (140.7ms)[0m  [1m[36mcommit transaction[0m
  ↳ app/controllers/students_controller.rb:30
Redirected to http://localhost:3000/students/1
Completed 302 Found in 187ms (ActiveRecord: 145.0ms)


Started GET "/students/1" for 127.0.0.1 at 2019-01-31 08:45:00 -0800
Processing by StudentsController#show as HTML
  Parameters: {"id"=>"1"}
  [1m[36mStudent Load (0.8ms)[0m  [1m[34mSELECT  "students".* FROM "students" WHERE "students"."id" = ? LIMIT ?[0m  [["id", 1], ["LIMIT", 1]]
  ↳ app/controllers/students_controller.rb:67
  Rendering students/show.html.erb within layouts/application
  Rendered students/show.html.erb within layouts/application (5.4ms)
Completed 200 OK in 361ms (Views: 285.6ms | ActiveRecord: 0.8ms)


Started GET "/students" for 127.0.0.1 at 2019-01-31 08:45:16 -0800
Processing by StudentsController#index as HTML
  Rendering students/index.html.erb within layouts/application
  [1m[36mStudent Load (0.7ms)[0m  [1m[34mSELECT "students".* FROM "students"[0m
  ↳ app/views/students/index.html.erb:16
  Rendered students/index.html.erb within layouts/application (11.4ms)
Completed 200 OK in 336ms (Views: 290.1ms | ActiveRecord: 0.7ms)


Started GET "/students/new" for 127.0.0.1 at 2019-01-31 08:45:18 -0800
Processing by StudentsController#new as HTML
  Rendering students/new.html.erb within layouts/application
  Rendered students/_form.html.erb (7.2ms)
  Rendered students/new.html.erb within layouts/application (53.8ms)
Completed 200 OK in 335ms (Views: 290.7ms | ActiveRecord: 0.0ms)


Started POST "/students" for 127.0.0.1 at 2019-01-31 08:45:46 -0800
Processing by StudentsController#create as HTML
  Parameters: {"utf8"=>"✓", "authenticity_token"=>"KgkWGul/rABzRFWMjIfk8HGhgZit/Q6+Y9eue2TxIrd0AkwW4MfnEeL6gkOrXdzVPCfjIl+GW4vlCv+wmtOirw==", "student"=>{"firstname"=>"UWEMERAYESU", "secondname"=>"MOISE", "reg"=>"217215742"}, "commit"=>"Create Student"}
  [1m[35m (0.2ms)[0m  [1m[36mbegin transaction[0m
  ↳ app/controllers/students_controller.rb:30
  [1m[36mStudent Create (26.1ms)[0m  [1m[32mINSERT INTO "students" ("firstname", "secondname", "reg", "created_at", "updated_at") VALUES (?, ?, ?, ?, ?)[0m  [["firstname", "UWEMERAYESU"], ["secondname", "MOISE"], ["reg", 217215742], ["created_at", "2019-01-31 16:45:46.943542"], ["updated_at", "2019-01-31 16:45:46.943542"]]
  ↳ app/controllers/students_controller.rb:30
  [1m[35m (129.5ms)[0m  [1m[36mcommit transaction[0m
  ↳ app/controllers/students_controller.rb:30
Redirected to http://localhost:3000/students/2
Completed 302 Found in 193ms (ActiveRecord: 155.8ms)


Started GET "/students/2" for 127.0.0.1 at 2019-01-31 08:45:47 -0800
Processing by StudentsController#show as HTML
  Parameters: {"id"=>"2"}
  [1m[36mStudent Load (0.6ms)[0m  [1m[34mSELECT  "students".* FROM "students" WHERE "students"."id" = ? LIMIT ?[0m  [["id", 2], ["LIMIT", 1]]
  ↳ app/controllers/students_controller.rb:67
  Rendering students/show.html.erb within layouts/application
  Rendered students/show.html.erb within layouts/application (5.2ms)
Completed 200 OK in 350ms (Views: 285.8ms | ActiveRecord: 0.6ms)


Started GET "/students" for 127.0.0.1 at 2019-01-31 08:45:49 -0800
Processing by StudentsController#index as HTML
  Rendering students/index.html.erb within layouts/application
  [1m[36mStudent Load (0.9ms)[0m  [1m[34mSELECT "students".* FROM "students"[0m
  ↳ app/views/students/index.html.erb:16
  Rendered students/index.html.erb within layouts/application (10.4ms)
Completed 200 OK in 290ms (Views: 244.8ms | ActiveRecord: 0.9ms)


Started GET "/students/new" for 127.0.0.1 at 2019-01-31 08:45:52 -0800
Processing by StudentsController#new as HTML
  Rendering students/new.html.erb within layouts/application
  Rendered students/_form.html.erb (7.5ms)
  Rendered students/new.html.erb within layouts/application (52.0ms)
Completed 200 OK in 334ms (Views: 290.1ms | ActiveRecord: 0.0ms)


Started POST "/students" for 127.0.0.1 at 2019-01-31 08:46:35 -0800
Processing by StudentsController#create as HTML
  Parameters: {"utf8"=>"✓", "authenticity_token"=>"g/xDSMsSPjgyjQ2bO7yC/iIMSIgj74ieM7cD01KIkInd9xlEwqp1KaMz2lQcZrrbb4oqMtGU3au1alIYrKoQkQ==", "student"=>{"firstname"=>"NAMBAJE", "secondname"=>"REONCE", "reg"=>"21723344"}, "commit"=>"Create Student"}
  [1m[35m (0.2ms)[0m  [1m[36mbegin transaction[0m
  ↳ app/controllers/students_controller.rb:30
  [1m[36mStudent Create (2.6ms)[0m  [1m[32mINSERT INTO "students" ("firstname", "secondname", "reg", "created_at", "updated_at") VALUES (?, ?, ?, ?, ?)[0m  [["firstname", "NAMBAJE"], ["secondname", "REONCE"], ["reg", 21723344], ["created_at", "2019-01-31 16:46:35.403368"], ["updated_at", "2019-01-31 16:46:35.403368"]]
  ↳ app/controllers/students_controller.rb:30
  [1m[35m (108.2ms)[0m  [1m[36mcommit transaction[0m
  ↳ app/controllers/students_controller.rb:30
Redirected to http://localhost:3000/students/3
Completed 302 Found in 138ms (ActiveRecord: 111.1ms)


Started GET "/students/3" for 127.0.0.1 at 2019-01-31 08:46:35 -0800
Processing by StudentsController#show as HTML
  Parameters: {"id"=>"3"}
  [1m[36mStudent Load (2.1ms)[0m  [1m[34mSELECT  "students".* FROM "students" WHERE "students"."id" = ? LIMIT ?[0m  [["id", 3], ["LIMIT", 1]]
  ↳ app/controllers/students_controller.rb:67
  Rendering students/show.html.erb within layouts/application
  Rendered students/show.html.erb within layouts/application (3.3ms)
Completed 200 OK in 363ms (Views: 285.2ms | ActiveRecord: 2.1ms)


Started GET "/students" for 127.0.0.1 at 2019-01-31 08:46:37 -0800
Processing by StudentsController#index as HTML
  Rendering students/index.html.erb within layouts/application
  [1m[36mStudent Load (0.8ms)[0m  [1m[34mSELECT "students".* FROM "students"[0m
  ↳ app/views/students/index.html.erb:16
  Rendered students/index.html.erb within layouts/application (11.0ms)
Completed 200 OK in 300ms (Views: 255.9ms | ActiveRecord: 0.8ms)


Started GET "/students/new" for 127.0.0.1 at 2019-01-31 09:33:54 -0800
Processing by StudentsController#new as HTML
  Rendering students/new.html.erb within layouts/application
  Rendered students/_form.html.erb (32.0ms)
  Rendered students/new.html.erb within layouts/application (120.0ms)
Completed 200 OK in 538ms (Views: 472.1ms | ActiveRecord: 0.0ms)


